[2026-04-12 05:26:57.431] [info] Using configuration file /home/fuyu/.config/waybar/config.jsonc
[2026-04-12 05:26:57.434] [info] Using CSS file /home/fuyu/.config/waybar/style.css
[2026-04-12 05:26:57.437] [info] Hyprland IPC starting
[2026-04-12 05:26:57.438] [info] Loading persistent workspaces from Hyprland workspace rules
[2026-04-12 05:26:57.464] [error] custom/voxtype: Error parsing JSON: * Line 1, Column 1
  Syntax error: value, object or array expected.

Full
[2026-04-12 05:26:57.565] [error] custom/voxtype: Error parsing JSON: * Line 1, Column 1
  Syntax error: value, object or array expected.

[2026-04-12 05:26:57.580] [warning] Requested height: 32 is less than the minimum height: 39 required by the modules
[2026-04-12 05:26:57.580] [info] Bar configured (width: 1280, height: 39) for output: eDP-1
[2026-04-12 05:26:58.183] [error] custom/update: Error parsing JSON: * Line 1, Column 1
  Syntax error: value, object or array expected.

Full
Full
Full
Full
Full
Full
Full
Full
Full
Full
Full
Full
Full
Full
Full
Full
Full
Full
Full
Full
Full
Full
Full
Full
Full
Full
Full
Full
Full
Full
Full
Full
Full
Full
Full
[2026-04-12 05:29:15.540] [warning] Requested height: 39 is less than the minimum height: 40 required by the modules
[2026-04-12 05:29:15.540] [info] Bar configured (width: 1280, height: 40) for output: eDP-1
Full
Full
Full
Full
[2026-04-12 05:29:35.045] [info] Bar configured (width: 1280, height: 39) for output: eDP-1
Full
Full
Full
Full
[2026-04-12 05:29:47.846] [warning] Requested height: 39 is less than the minimum height: 40 required by the modules
[2026-04-12 05:29:47.846] [info] Bar configured (width: 1280, height: 40) for output: eDP-1
Full
[2026-04-12 05:29:52.724] [info] Bar configured (width: 1280, height: 39) for output: eDP-1
Full
Full
Full
Full
Full
Full
Full
Full
Full
Full
Full
Full
Full
Full
Full
Full
Full
Full
Full
Full
Full
Full
Full
Full
Full
Full
Full
Full
Full
Full
Full
Full
Full
Full
Full
Full
Full
Full
Full
Full
Full
Full
Full
Full
Full
Full
Full
Full
Full
Full
Full
Full
Full
Full
Full
Full
Full
Full
Full
Full
Full
Full
Full
Full
Full
Full
Full
Full
Full
Full
Full
Full
Full
Full
Full
Full
Full
Full
Full
Full
Full
Full
Full
Full
Full
Full
Full
Full
Full
Full
Full
Full
Full
Full
Full
Full
Full
Full
Full
Full
Full
Full
Full
Full
Full
Full
Full
Full
Full
Full
[2026-04-12 05:35:41.799] [error] Hyprland IPC: Couldn't read (5)
[2026-04-12 05:35:41.799] [error] hyprland/workspaces: Hyprland IPC: Couldn't connect to /run/user/1000/hypr/521ece463c4a9d3d128670688a34756805a4328f_1775941564_1513108943/.socket.sock. (3)
